<?xml version="1.0" encoding="UTF-8"?>
<testsuite name="org.apache.ofbiz.base.util.UtilCodecTests" tests="4" skipped="0" failures="0" errors="0" timestamp="2017-04-10T07:44:37" hostname="Macintosh.local" time="0.066">
  <properties/>
  <testcase name="canonicalizeRevealsEscapedXSS" classname="org.apache.ofbiz.base.util.UtilCodecTests" time="0.058"/>
  <testcase name="checkStringForHtmlStrictNoneDetectsXSS" classname="org.apache.ofbiz.base.util.UtilCodecTests" time="0.001"/>
  <testcase name="testGetEncoder" classname="org.apache.ofbiz.base.util.UtilCodecTests" time="0.0"/>
  <testcase name="testCheckStringForHtmlStrictNone" classname="org.apache.ofbiz.base.util.UtilCodecTests" time="0.007"/>
  <system-out><![CDATA[]]></system-out>
  <system-err><![CDATA[]]></system-err>
</testsuite>
