<?xml version="1.0" encoding="UTF-8"?>
<testsuite name="org.apache.ofbiz.entity.util.EntitySaxReaderTests" tests="3" skipped="0" failures="0" errors="0" timestamp="2017-04-10T07:44:45" hostname="Macintosh.local" time="0.219">
  <properties/>
  <testcase name="parse" classname="org.apache.ofbiz.entity.util.EntitySaxReaderTests" time="0.218"/>
  <testcase name="constructorWithDefaultTimeout" classname="org.apache.ofbiz.entity.util.EntitySaxReaderTests" time="0.0"/>
  <testcase name="constructorWithTimeout" classname="org.apache.ofbiz.entity.util.EntitySaxReaderTests" time="0.0"/>
  <system-out><![CDATA[2017-04-10 15:44:45,035 |Test worker          |DelegatorFactoryImpl          |I| Creating new delegator [delegatorNameWithNoConfiguration] (Test worker)
2017-04-10 15:44:45,247 |Test worker          |EntitySaxReader               |I| Transaction Timeout set to 2 hours (7200 seconds)
2017-04-10 15:44:45,254 |Test worker          |EntitySaxReader               |I| Finished 1 values from Internal Content
]]></system-out>
  <system-err><![CDATA[]]></system-err>
</testsuite>
